2026-01-15 18:03:07 - __main__ - INFO - Telegram bot started
2026-01-15 18:04:56 - __main__ - INFO - Telegram bot started
2026-01-15 18:07:55 - telegram_bot - INFO - Telegram bot started
2026-01-15 18:31:31 - telegram_bot - INFO - The user Nichegons is not registered. Id: 8177043133
2026-01-15 18:31:31 - telegram_bot - WARNING - The user Nichegons, id 8177043133 was unable to register.
2026-01-15 18:32:19 - telegram_bot - INFO - The user Nichegons is not registered. Id: 8177043133
2026-01-15 18:32:19 - telegram_bot - WARNING - The user Nichegons, id 8177043133 was unable to register.
2026-01-15 18:34:39 - telegram_bot - INFO - The user Nichegons is not registered. Id: 8177043133
2026-01-15 18:34:39 - telegram_bot - WARNING - The user Nichegons, id 8177043133 was unable to register.
2026-01-15 18:39:49 - telegram_bot - INFO - The user Nichegons is not registered. Id: 8177043133
2026-01-15 18:39:49 - telegram_bot - WARNING - The user Nichegons, id 8177043133 was unable to register.
2026-01-15 19:24:42 - telegram_bot - ERROR - Unexpected error during user registration Nichegons, id: 8177043133: name 'UserBotRepository' is not defined
Traceback (most recent call last):
  File "F:\Instal\ITprojects\PythonPractice\PythonOther\BotsPython\HelperBussinesBot\bot\bot.py", line 23, in start
    get_user_request = await UserBotRepository.get_user_bot_by_tg_id(message.from_user.id, message.from_user.username)
                             ^^^^^^^^^^^^^^^^^
NameError: name 'UserBotRepository' is not defined
2026-01-15 19:25:23 - asyncio - ERROR - Unclosed client session
client_session: <aiohttp.client.ClientSession object at 0x00000143A1CA0990>
2026-01-15 19:26:17 - telegram_bot - ERROR - Unexpected error during user registration Nichegons, id: 8177043133: name 'user_bot_repo' is not defined
Traceback (most recent call last):
  File "F:\Instal\ITprojects\PythonPractice\PythonOther\BotsPython\HelperBussinesBot\bot\bot.py", line 23, in start
    get_user_request = await user_bot_repo.get_user_bot_by_tg_id(message.from_user.id, message.from_user.username)
                             ^^^^^^^^^^^^^
NameError: name 'user_bot_repo' is not defined
2026-01-15 19:26:35 - TeleBot - ERROR - Aiohttp ClientError: ServerDisconnectedError
2026-01-15 19:26:35 - TeleBot - ERROR - Request timeout. Request: method=post url=sendMessage params=<aiohttp.formdata.FormData object at 0x000001C13AF80290> files=None request_timeout=300
2026-01-15 19:27:11 - telegram_bot - ERROR - Unexpected error during user registration Nichegons, id: 8177043133: A request to the Telegram API was unsuccessful. Error code: 400. Description: Bad Request: message text is empty
Traceback (most recent call last):
  File "F:\Instal\ITprojects\PythonPractice\PythonOther\BotsPython\HelperBussinesBot\bot\bot.py", line 27, in start
    await bot.send_message(message.chat.id, text_answer)
  File "F:\Instal\ITprojects\PythonPractice\PythonOther\BotsPython\HelperBussinesBot\.venv\Lib\site-packages\telebot\async_telebot.py", line 3341, in send_message
    await asyncio_helper.send_message(
  File "F:\Instal\ITprojects\PythonPractice\PythonOther\BotsPython\HelperBussinesBot\.venv\Lib\site-packages\telebot\asyncio_helper.py", line 319, in send_message
    return await _process_request(token, method_name, params=params, method='post')
           ^^^^^^^^^^^^^^^^^^^^^^^^^^^^^^^^^^^^^^^^^^^^^^^^^^^^^^^^^^^^^^^^^^^^^^^^
  File "F:\Instal\ITprojects\PythonPractice\PythonOther\BotsPython\HelperBussinesBot\.venv\Lib\site-packages\telebot\asyncio_helper.py", line 99, in _process_request
    raise e
  File "F:\Instal\ITprojects\PythonPractice\PythonOther\BotsPython\HelperBussinesBot\.venv\Lib\site-packages\telebot\asyncio_helper.py", line 95, in _process_request
    json_result = await _check_result(url, resp)
                  ^^^^^^^^^^^^^^^^^^^^^^^^^^^^^^
  File "F:\Instal\ITprojects\PythonPractice\PythonOther\BotsPython\HelperBussinesBot\.venv\Lib\site-packages\telebot\asyncio_helper.py", line 276, in _check_result
    raise ApiTelegramException(method_name, result, result_json)
telebot.asyncio_helper.ApiTelegramException: A request to the Telegram API was unsuccessful. Error code: 400. Description: Bad Request: message text is empty
2026-01-15 19:54:54 - service.user_service - WARNING - The user Nichegons, id 8177043133 was unable to register.
2026-01-15 19:54:54 - service.user_service - WARNING - The user Nichegons, id 8177043133 was unable to register.
2026-01-15 23:16:31 - telegram_bot - ERROR - Unexpected error during user registration Nichegons, id: 8177043133: Cannot connect to host 127.0.0.1:1009 ssl:default [Удаленный компьютер отклонил это сетевое подключение]
Traceback (most recent call last):
  File "F:\Instal\ITprojects\PythonPractice\PythonOther\BotsPython\HelperBussinesBot\.venv\Lib\site-packages\aiohttp\connector.py", line 1298, in _wrap_create_connection
    sock = await aiohappyeyeballs.start_connection(
           ^^^^^^^^^^^^^^^^^^^^^^^^^^^^^^^^^^^^^^^^
  File "F:\Instal\ITprojects\PythonPractice\PythonOther\BotsPython\HelperBussinesBot\.venv\Lib\site-packages\aiohappyeyeballs\impl.py", line 122, in start_connection
    raise first_exception
  File "F:\Instal\ITprojects\PythonPractice\PythonOther\BotsPython\HelperBussinesBot\.venv\Lib\site-packages\aiohappyeyeballs\impl.py", line 73, in start_connection
    sock = await _connect_sock(
           ^^^^^^^^^^^^^^^^^^^^
  File "F:\Instal\ITprojects\PythonPractice\PythonOther\BotsPython\HelperBussinesBot\.venv\Lib\site-packages\aiohappyeyeballs\impl.py", line 208, in _connect_sock
    await loop.sock_connect(sock, address)
  File "F:\Instal\Редакторы,языки\Python\Lib\asyncio\proactor_events.py", line 726, in sock_connect
    return await self._proactor.connect(sock, address)
           ^^^^^^^^^^^^^^^^^^^^^^^^^^^^^^^^^^^^^^^^^^^
  File "F:\Instal\Редакторы,языки\Python\Lib\asyncio\windows_events.py", line 846, in _poll
    value = callback(transferred, key, ov)
            ^^^^^^^^^^^^^^^^^^^^^^^^^^^^^^
  File "F:\Instal\Редакторы,языки\Python\Lib\asyncio\windows_events.py", line 633, in finish_connect
    ov.getresult()
ConnectionRefusedError: [WinError 1225] Удаленный компьютер отклонил это сетевое подключение

The above exception was the direct cause of the following exception:

Traceback (most recent call last):
  File "F:\Instal\ITprojects\PythonPractice\PythonOther\BotsPython\HelperBussinesBot\bot\bot.py", line 23, in start
    register_user = await UserBotRepository.register_user_bot(message.from_user.id, message.from_user.username)
                    ^^^^^^^^^^^^^^^^^^^^^^^^^^^^^^^^^^^^^^^^^^^^^^^^^^^^^^^^^^^^^^^^^^^^^^^^^^^^^^^^^^^^^^^^^^^
  File "F:\Instal\ITprojects\PythonPractice\PythonOther\BotsPython\HelperBussinesBot\bot\service\user_service.py", line 56, in register_user_bot
    get_user_request = await session.get(f"{base_url}/user/get_user", params=params)
                       ^^^^^^^^^^^^^^^^^^^^^^^^^^^^^^^^^^^^^^^^^^^^^^^^^^^^^^^^^^^^^
  File "F:\Instal\ITprojects\PythonPractice\PythonOther\BotsPython\HelperBussinesBot\.venv\Lib\site-packages\aiohttp\client.py", line 779, in _request
    resp = await handler(req)
           ^^^^^^^^^^^^^^^^^^
  File "F:\Instal\ITprojects\PythonPractice\PythonOther\BotsPython\HelperBussinesBot\.venv\Lib\site-packages\aiohttp\client.py", line 734, in _connect_and_send_request
    conn = await self._connector.connect(
           ^^^^^^^^^^^^^^^^^^^^^^^^^^^^^^
  File "F:\Instal\ITprojects\PythonPractice\PythonOther\BotsPython\HelperBussinesBot\.venv\Lib\site-packages\aiohttp\connector.py", line 672, in connect
    proto = await self._create_connection(req, traces, timeout)
            ^^^^^^^^^^^^^^^^^^^^^^^^^^^^^^^^^^^^^^^^^^^^^^^^^^^
  File "F:\Instal\ITprojects\PythonPractice\PythonOther\BotsPython\HelperBussinesBot\.venv\Lib\site-packages\aiohttp\connector.py", line 1239, in _create_connection
    _, proto = await self._create_direct_connection(req, traces, timeout)
               ^^^^^^^^^^^^^^^^^^^^^^^^^^^^^^^^^^^^^^^^^^^^^^^^^^^^^^^^^^
  File "F:\Instal\ITprojects\PythonPractice\PythonOther\BotsPython\HelperBussinesBot\.venv\Lib\site-packages\aiohttp\connector.py", line 1611, in _create_direct_connection
    raise last_exc
  File "F:\Instal\ITprojects\PythonPractice\PythonOther\BotsPython\HelperBussinesBot\.venv\Lib\site-packages\aiohttp\connector.py", line 1580, in _create_direct_connection
    transp, proto = await self._wrap_create_connection(
                    ^^^^^^^^^^^^^^^^^^^^^^^^^^^^^^^^^^^
  File "F:\Instal\ITprojects\PythonPractice\PythonOther\BotsPython\HelperBussinesBot\.venv\Lib\site-packages\aiohttp\connector.py", line 1321, in _wrap_create_connection
    raise client_error(req.connection_key, exc) from exc
aiohttp.client_exceptions.ClientConnectorError: Cannot connect to host 127.0.0.1:1009 ssl:default [Удаленный компьютер отклонил это сетевое подключение]
2026-01-15 23:16:31 - telegram_bot - ERROR - Unexpected error during user registration Nichegons, id: 8177043133: Cannot connect to host 127.0.0.1:1009 ssl:default [Удаленный компьютер отклонил это сетевое подключение]
Traceback (most recent call last):
  File "F:\Instal\ITprojects\PythonPractice\PythonOther\BotsPython\HelperBussinesBot\.venv\Lib\site-packages\aiohttp\connector.py", line 1298, in _wrap_create_connection
    sock = await aiohappyeyeballs.start_connection(
           ^^^^^^^^^^^^^^^^^^^^^^^^^^^^^^^^^^^^^^^^
  File "F:\Instal\ITprojects\PythonPractice\PythonOther\BotsPython\HelperBussinesBot\.venv\Lib\site-packages\aiohappyeyeballs\impl.py", line 122, in start_connection
    raise first_exception
  File "F:\Instal\ITprojects\PythonPractice\PythonOther\BotsPython\HelperBussinesBot\.venv\Lib\site-packages\aiohappyeyeballs\impl.py", line 73, in start_connection
    sock = await _connect_sock(
           ^^^^^^^^^^^^^^^^^^^^
  File "F:\Instal\ITprojects\PythonPractice\PythonOther\BotsPython\HelperBussinesBot\.venv\Lib\site-packages\aiohappyeyeballs\impl.py", line 208, in _connect_sock
    await loop.sock_connect(sock, address)
  File "F:\Instal\Редакторы,языки\Python\Lib\asyncio\proactor_events.py", line 726, in sock_connect
    return await self._proactor.connect(sock, address)
           ^^^^^^^^^^^^^^^^^^^^^^^^^^^^^^^^^^^^^^^^^^^
  File "F:\Instal\Редакторы,языки\Python\Lib\asyncio\windows_events.py", line 846, in _poll
    value = callback(transferred, key, ov)
            ^^^^^^^^^^^^^^^^^^^^^^^^^^^^^^
  File "F:\Instal\Редакторы,языки\Python\Lib\asyncio\windows_events.py", line 633, in finish_connect
    ov.getresult()
ConnectionRefusedError: [WinError 1225] Удаленный компьютер отклонил это сетевое подключение

The above exception was the direct cause of the following exception:

Traceback (most recent call last):
  File "F:\Instal\ITprojects\PythonPractice\PythonOther\BotsPython\HelperBussinesBot\bot\bot.py", line 23, in start
    register_user = await UserBotRepository.register_user_bot(message.from_user.id, message.from_user.username)
                    ^^^^^^^^^^^^^^^^^^^^^^^^^^^^^^^^^^^^^^^^^^^^^^^^^^^^^^^^^^^^^^^^^^^^^^^^^^^^^^^^^^^^^^^^^^^
  File "F:\Instal\ITprojects\PythonPractice\PythonOther\BotsPython\HelperBussinesBot\bot\service\user_service.py", line 56, in register_user_bot
    get_user_request = await session.get(f"{base_url}/user/get_user", params=params)
                       ^^^^^^^^^^^^^^^^^^^^^^^^^^^^^^^^^^^^^^^^^^^^^^^^^^^^^^^^^^^^^
  File "F:\Instal\ITprojects\PythonPractice\PythonOther\BotsPython\HelperBussinesBot\.venv\Lib\site-packages\aiohttp\client.py", line 779, in _request
    resp = await handler(req)
           ^^^^^^^^^^^^^^^^^^
  File "F:\Instal\ITprojects\PythonPractice\PythonOther\BotsPython\HelperBussinesBot\.venv\Lib\site-packages\aiohttp\client.py", line 734, in _connect_and_send_request
    conn = await self._connector.connect(
           ^^^^^^^^^^^^^^^^^^^^^^^^^^^^^^
  File "F:\Instal\ITprojects\PythonPractice\PythonOther\BotsPython\HelperBussinesBot\.venv\Lib\site-packages\aiohttp\connector.py", line 672, in connect
    proto = await self._create_connection(req, traces, timeout)
            ^^^^^^^^^^^^^^^^^^^^^^^^^^^^^^^^^^^^^^^^^^^^^^^^^^^
  File "F:\Instal\ITprojects\PythonPractice\PythonOther\BotsPython\HelperBussinesBot\.venv\Lib\site-packages\aiohttp\connector.py", line 1239, in _create_connection
    _, proto = await self._create_direct_connection(req, traces, timeout)
               ^^^^^^^^^^^^^^^^^^^^^^^^^^^^^^^^^^^^^^^^^^^^^^^^^^^^^^^^^^
  File "F:\Instal\ITprojects\PythonPractice\PythonOther\BotsPython\HelperBussinesBot\.venv\Lib\site-packages\aiohttp\connector.py", line 1611, in _create_direct_connection
    raise last_exc
  File "F:\Instal\ITprojects\PythonPractice\PythonOther\BotsPython\HelperBussinesBot\.venv\Lib\site-packages\aiohttp\connector.py", line 1580, in _create_direct_connection
    transp, proto = await self._wrap_create_connection(
                    ^^^^^^^^^^^^^^^^^^^^^^^^^^^^^^^^^^^
  File "F:\Instal\ITprojects\PythonPractice\PythonOther\BotsPython\HelperBussinesBot\.venv\Lib\site-packages\aiohttp\connector.py", line 1321, in _wrap_create_connection
    raise client_error(req.connection_key, exc) from exc
aiohttp.client_exceptions.ClientConnectorError: Cannot connect to host 127.0.0.1:1009 ssl:default [Удаленный компьютер отклонил это сетевое подключение]
2026-01-15 23:16:33 - telegram_bot - ERROR - Unexpected error during user registration Nichegons, id: 8177043133: Cannot connect to host 127.0.0.1:1009 ssl:default [Удаленный компьютер отклонил это сетевое подключение]
Traceback (most recent call last):
  File "F:\Instal\ITprojects\PythonPractice\PythonOther\BotsPython\HelperBussinesBot\.venv\Lib\site-packages\aiohttp\connector.py", line 1298, in _wrap_create_connection
    sock = await aiohappyeyeballs.start_connection(
           ^^^^^^^^^^^^^^^^^^^^^^^^^^^^^^^^^^^^^^^^
  File "F:\Instal\ITprojects\PythonPractice\PythonOther\BotsPython\HelperBussinesBot\.venv\Lib\site-packages\aiohappyeyeballs\impl.py", line 122, in start_connection
    raise first_exception
  File "F:\Instal\ITprojects\PythonPractice\PythonOther\BotsPython\HelperBussinesBot\.venv\Lib\site-packages\aiohappyeyeballs\impl.py", line 73, in start_connection
    sock = await _connect_sock(
           ^^^^^^^^^^^^^^^^^^^^
  File "F:\Instal\ITprojects\PythonPractice\PythonOther\BotsPython\HelperBussinesBot\.venv\Lib\site-packages\aiohappyeyeballs\impl.py", line 208, in _connect_sock
    await loop.sock_connect(sock, address)
  File "F:\Instal\Редакторы,языки\Python\Lib\asyncio\proactor_events.py", line 726, in sock_connect
    return await self._proactor.connect(sock, address)
           ^^^^^^^^^^^^^^^^^^^^^^^^^^^^^^^^^^^^^^^^^^^
  File "F:\Instal\Редакторы,языки\Python\Lib\asyncio\windows_events.py", line 846, in _poll
    value = callback(transferred, key, ov)
            ^^^^^^^^^^^^^^^^^^^^^^^^^^^^^^
  File "F:\Instal\Редакторы,языки\Python\Lib\asyncio\windows_events.py", line 633, in finish_connect
    ov.getresult()
ConnectionRefusedError: [WinError 1225] Удаленный компьютер отклонил это сетевое подключение

The above exception was the direct cause of the following exception:

Traceback (most recent call last):
  File "F:\Instal\ITprojects\PythonPractice\PythonOther\BotsPython\HelperBussinesBot\bot\bot.py", line 23, in start
    register_user = await UserBotRepository.register_user_bot(message.from_user.id, message.from_user.username)
                    ^^^^^^^^^^^^^^^^^^^^^^^^^^^^^^^^^^^^^^^^^^^^^^^^^^^^^^^^^^^^^^^^^^^^^^^^^^^^^^^^^^^^^^^^^^^
  File "F:\Instal\ITprojects\PythonPractice\PythonOther\BotsPython\HelperBussinesBot\bot\service\user_service.py", line 56, in register_user_bot
    get_user_request = await session.get(f"{base_url}/user/get_user", params=params)
                       ^^^^^^^^^^^^^^^^^^^^^^^^^^^^^^^^^^^^^^^^^^^^^^^^^^^^^^^^^^^^^
  File "F:\Instal\ITprojects\PythonPractice\PythonOther\BotsPython\HelperBussinesBot\.venv\Lib\site-packages\aiohttp\client.py", line 779, in _request
    resp = await handler(req)
           ^^^^^^^^^^^^^^^^^^
  File "F:\Instal\ITprojects\PythonPractice\PythonOther\BotsPython\HelperBussinesBot\.venv\Lib\site-packages\aiohttp\client.py", line 734, in _connect_and_send_request
    conn = await self._connector.connect(
           ^^^^^^^^^^^^^^^^^^^^^^^^^^^^^^
  File "F:\Instal\ITprojects\PythonPractice\PythonOther\BotsPython\HelperBussinesBot\.venv\Lib\site-packages\aiohttp\connector.py", line 672, in connect
    proto = await self._create_connection(req, traces, timeout)
            ^^^^^^^^^^^^^^^^^^^^^^^^^^^^^^^^^^^^^^^^^^^^^^^^^^^
  File "F:\Instal\ITprojects\PythonPractice\PythonOther\BotsPython\HelperBussinesBot\.venv\Lib\site-packages\aiohttp\connector.py", line 1239, in _create_connection
    _, proto = await self._create_direct_connection(req, traces, timeout)
               ^^^^^^^^^^^^^^^^^^^^^^^^^^^^^^^^^^^^^^^^^^^^^^^^^^^^^^^^^^
  File "F:\Instal\ITprojects\PythonPractice\PythonOther\BotsPython\HelperBussinesBot\.venv\Lib\site-packages\aiohttp\connector.py", line 1611, in _create_direct_connection
    raise last_exc
  File "F:\Instal\ITprojects\PythonPractice\PythonOther\BotsPython\HelperBussinesBot\.venv\Lib\site-packages\aiohttp\connector.py", line 1580, in _create_direct_connection
    transp, proto = await self._wrap_create_connection(
                    ^^^^^^^^^^^^^^^^^^^^^^^^^^^^^^^^^^^
  File "F:\Instal\ITprojects\PythonPractice\PythonOther\BotsPython\HelperBussinesBot\.venv\Lib\site-packages\aiohttp\connector.py", line 1321, in _wrap_create_connection
    raise client_error(req.connection_key, exc) from exc
aiohttp.client_exceptions.ClientConnectorError: Cannot connect to host 127.0.0.1:1009 ssl:default [Удаленный компьютер отклонил это сетевое подключение]
2026-01-15 23:16:55 - service.user_service - WARNING - The user Nichegons, id 8177043133 was unable to register.
2026-01-15 23:19:20 - service.user_service - WARNING - The user Nichegons, id 8177043133 was unable to register.
2026-01-15 23:30:27 - telegram_bot - ERROR - Unexpected error during user registration Nichegons, id: 8177043133: Cannot connect to host 127.0.0.1:1010 ssl:default [Удаленный компьютер отклонил это сетевое подключение]
Traceback (most recent call last):
  File "F:\Instal\ITprojects\PythonPractice\PythonOther\BotsPython\HelperBussinesBot\.venv\Lib\site-packages\aiohttp\connector.py", line 1298, in _wrap_create_connection
    sock = await aiohappyeyeballs.start_connection(
           ^^^^^^^^^^^^^^^^^^^^^^^^^^^^^^^^^^^^^^^^
  File "F:\Instal\ITprojects\PythonPractice\PythonOther\BotsPython\HelperBussinesBot\.venv\Lib\site-packages\aiohappyeyeballs\impl.py", line 122, in start_connection
    raise first_exception
  File "F:\Instal\ITprojects\PythonPractice\PythonOther\BotsPython\HelperBussinesBot\.venv\Lib\site-packages\aiohappyeyeballs\impl.py", line 73, in start_connection
    sock = await _connect_sock(
           ^^^^^^^^^^^^^^^^^^^^
  File "F:\Instal\ITprojects\PythonPractice\PythonOther\BotsPython\HelperBussinesBot\.venv\Lib\site-packages\aiohappyeyeballs\impl.py", line 208, in _connect_sock
    await loop.sock_connect(sock, address)
  File "F:\Instal\Редакторы,языки\Python\Lib\asyncio\proactor_events.py", line 726, in sock_connect
    return await self._proactor.connect(sock, address)
           ^^^^^^^^^^^^^^^^^^^^^^^^^^^^^^^^^^^^^^^^^^^
  File "F:\Instal\Редакторы,языки\Python\Lib\asyncio\windows_events.py", line 846, in _poll
    value = callback(transferred, key, ov)
            ^^^^^^^^^^^^^^^^^^^^^^^^^^^^^^
  File "F:\Instal\Редакторы,языки\Python\Lib\asyncio\windows_events.py", line 633, in finish_connect
    ov.getresult()
ConnectionRefusedError: [WinError 1225] Удаленный компьютер отклонил это сетевое подключение

The above exception was the direct cause of the following exception:

Traceback (most recent call last):
  File "F:\Instal\ITprojects\PythonPractice\PythonOther\BotsPython\HelperBussinesBot\bot\bot.py", line 23, in start
    register_user = await UserBotRepository.register_user_bot(message.from_user.id, message.from_user.username)
                    ^^^^^^^^^^^^^^^^^^^^^^^^^^^^^^^^^^^^^^^^^^^^^^^^^^^^^^^^^^^^^^^^^^^^^^^^^^^^^^^^^^^^^^^^^^^
  File "F:\Instal\ITprojects\PythonPractice\PythonOther\BotsPython\HelperBussinesBot\bot\service\user_service.py", line 55, in register_user_bot
    get_user_request = await session.get(f"{base_url}/user/get_user", params=params)
                       ^^^^^^^^^^^^^^^^^^^^^^^^^^^^^^^^^^^^^^^^^^^^^^^^^^^^^^^^^^^^^
  File "F:\Instal\ITprojects\PythonPractice\PythonOther\BotsPython\HelperBussinesBot\.venv\Lib\site-packages\aiohttp\client.py", line 779, in _request
    resp = await handler(req)
           ^^^^^^^^^^^^^^^^^^
  File "F:\Instal\ITprojects\PythonPractice\PythonOther\BotsPython\HelperBussinesBot\.venv\Lib\site-packages\aiohttp\client.py", line 734, in _connect_and_send_request
    conn = await self._connector.connect(
           ^^^^^^^^^^^^^^^^^^^^^^^^^^^^^^
  File "F:\Instal\ITprojects\PythonPractice\PythonOther\BotsPython\HelperBussinesBot\.venv\Lib\site-packages\aiohttp\connector.py", line 672, in connect
    proto = await self._create_connection(req, traces, timeout)
            ^^^^^^^^^^^^^^^^^^^^^^^^^^^^^^^^^^^^^^^^^^^^^^^^^^^
  File "F:\Instal\ITprojects\PythonPractice\PythonOther\BotsPython\HelperBussinesBot\.venv\Lib\site-packages\aiohttp\connector.py", line 1239, in _create_connection
    _, proto = await self._create_direct_connection(req, traces, timeout)
               ^^^^^^^^^^^^^^^^^^^^^^^^^^^^^^^^^^^^^^^^^^^^^^^^^^^^^^^^^^
  File "F:\Instal\ITprojects\PythonPractice\PythonOther\BotsPython\HelperBussinesBot\.venv\Lib\site-packages\aiohttp\connector.py", line 1611, in _create_direct_connection
    raise last_exc
  File "F:\Instal\ITprojects\PythonPractice\PythonOther\BotsPython\HelperBussinesBot\.venv\Lib\site-packages\aiohttp\connector.py", line 1580, in _create_direct_connection
    transp, proto = await self._wrap_create_connection(
                    ^^^^^^^^^^^^^^^^^^^^^^^^^^^^^^^^^^^
  File "F:\Instal\ITprojects\PythonPractice\PythonOther\BotsPython\HelperBussinesBot\.venv\Lib\site-packages\aiohttp\connector.py", line 1321, in _wrap_create_connection
    raise client_error(req.connection_key, exc) from exc
aiohttp.client_exceptions.ClientConnectorError: Cannot connect to host 127.0.0.1:1010 ssl:default [Удаленный компьютер отклонил это сетевое подключение]
2026-01-15 23:30:45 - service.user_service - INFO - The user Nichegons, id:8177043133 is already registered.
2026-01-15 23:31:28 - service.user_service - INFO - The user Nichegons, id:8177043133 is already registered.
2026-01-15 23:32:38 - service.user_service - INFO - The user Nichegons, id:8177043133 is already registered.
2026-01-15 23:37:27 - service.user_service - INFO - The user Nichegons, id:8177043133 is already registered.
2026-01-15 23:44:04 - service.user_service - INFO - The user Nichegons, id:8177043133 is already registered.
